c:\users\samson\source\repos\coinquest\coinquest\coinquest\debug\vc142.pdb
c:\users\samson\source\repos\coinquest\coinquest\coinquest\debug\vc142.idb
c:\users\samson\source\repos\coinquest\coinquest\coinquest\debug\source.obj
c:\users\samson\desktop\coin\coinquest\coinquest\debug\vc142.pdb
c:\users\samson\desktop\coin\coinquest\coinquest\debug\vc142.idb
c:\users\samson\desktop\coin\coinquest\coinquest\debug\source.obj
c:\users\samson\computer graphics projects\coinquest\coinquest\coinquest\debug\vc142.pdb
c:\users\samson\computer graphics projects\coinquest\coinquest\coinquest\debug\vc142.idb
c:\users\samson\computer graphics projects\coinquest\coinquest\coinquest\debug\source.obj
c:\users\samson\computer graphics projects\coinquest\coinquest\coinquest\debug\character.obj
c:\users\samson\computer graphics projects\coinquest\coinquest\coinquest\debug\world.obj
c:\users\samson\computer graphics projects\coinquest\coinquest\coinquest\debug\gamewindow.obj
c:\users\samson\computer graphics projects\coinquest\coinquest\coinquest\debug\stb_image.obj
c:\users\samson\computer graphics projects\coinquest\coinquest\coinquest\debug\renderer.obj
c:\users\samson\source\repos\coinquest\coinquest\debug\coinquest.exe
c:\users\samson\source\repos\coinquest\coinquest\coinquest\debug\coinquest.ilk
c:\users\samson\source\repos\coinquest\coinquest\debug\coinquest.pdb
c:\users\samson\desktop\coin\coinquest\debug\coinquest.exe
c:\users\samson\desktop\coin\coinquest\coinquest\debug\coinquest.ilk
c:\users\samson\desktop\coin\coinquest\debug\coinquest.pdb
c:\users\samson\computer graphics projects\coinquest\coinquest\debug\coinquest.exe
c:\users\samson\computer graphics projects\coinquest\coinquest\coinquest\debug\coinquest.ilk
c:\users\samson\computer graphics projects\coinquest\coinquest\debug\coinquest.pdb
c:\users\samson\computer graphics projects\coinquest\coinquest\coinquest\debug\gamewindow.obj.enc
c:\users\samson\computer graphics projects\coinquest\coinquest\coinquest\debug\source.obj.enc
c:\users\samson\computer graphics projects\coinquest\coinquest\coinquest\debug\coinquest.tlog\cl.command.1.tlog
c:\users\samson\computer graphics projects\coinquest\coinquest\coinquest\debug\coinquest.tlog\cl.read.1.tlog
c:\users\samson\computer graphics projects\coinquest\coinquest\coinquest\debug\coinquest.tlog\cl.write.1.tlog
c:\users\samson\computer graphics projects\coinquest\coinquest\coinquest\debug\coinquest.tlog\link.command.1.tlog
c:\users\samson\computer graphics projects\coinquest\coinquest\coinquest\debug\coinquest.tlog\link.read.1.tlog
c:\users\samson\computer graphics projects\coinquest\coinquest\coinquest\debug\coinquest.tlog\link.write.1.tlog
